0 0.000000e+00
1 0.000000e+00
2 1.000000e+00
3 1.000000e+00
4 1.000000e+00
5 1.000000e+00
6 0.000000e+00
7 1.000000e+00
8 1.000000e+00
9 0.000000e+00
10 1.000000e+00
11 0.000000e+00
12 0.000000e+00
13 0.000000e+00
14 1.000000e+00
15 0.000000e+00
16 0.000000e+00
17 1.000000e+00
18 1.000000e+00
19 0.000000e+00
20 1.000000e+00
21 1.000000e+00
22 0.000000e+00
23 1.000000e+00
24 0.000000e+00
25 1.000000e+00
26 1.000000e+00
27 0.000000e+00
28 0.000000e+00
29 1.000000e+00
30 0.000000e+00
31 0.000000e+00
32 0.000000e+00
33 0.000000e+00
34 0.000000e+00
35 1.000000e+00
36 0.000000e+00
37 0.000000e+00
38 1.000000e+00
39 0.000000e+00
40 0.000000e+00
41 1.000000e+00
42 0.000000e+00
43 1.000000e+00
44 1.000000e+00
45 0.000000e+00
46 0.000000e+00
47 0.000000e+00
48 0.000000e+00
49 0.000000e+00
50 1.000000e+00
51 1.000000e+00
52 0.000000e+00
53 1.000000e+00
54 1.000000e+00
55 1.000000e+00
56 1.000000e+00
57 0.000000e+00
58 0.000000e+00
59 0.000000e+00
60 0.000000e+00
61 0.000000e+00
62 0.000000e+00
63 1.000000e+00
64 0.000000e+00
65 0.000000e+00
66 0.000000e+00
67 1.000000e+00
68 1.000000e+00
69 1.000000e+00
70 1.000000e+00
71 0.000000e+00
72 0.000000e+00
73 0.000000e+00
74 1.000000e+00
75 1.000000e+00
76 1.000000e+00
77 1.000000e+00
78 1.000000e+00
79 1.000000e+00
80 1.000000e+00
81 1.000000e+00
82 0.000000e+00
83 0.000000e+00
84 0.000000e+00
85 1.000000e+00
86 0.000000e+00
87 0.000000e+00
88 0.000000e+00
89 1.000000e+00
90 0.000000e+00
91 0.000000e+00
92 0.000000e+00
93 0.000000e+00
94 1.000000e+00
95 1.000000e+00
96 0.000000e+00
97 1.000000e+00
98 0.000000e+00
99 0.000000e+00
100 0.000000e+00
101 0.000000e+00
102 1.000000e+00
103 1.000000e+00
104 1.000000e+00
105 0.000000e+00
106 1.000000e+00
107 0.000000e+00
108 1.000000e+00
109 1.000000e+00
110 0.000000e+00
111 1.000000e+00
112 0.000000e+00
113 1.000000e+00
114 0.000000e+00
115 1.000000e+00
116 1.000000e+00
117 1.000000e+00
118 1.000000e+00
119 1.000000e+00
120 1.000000e+00
121 0.000000e+00
122 1.000000e+00
123 0.000000e+00
124 1.000000e+00
125 1.000000e+00
126 1.000000e+00
